<?xml version="1.0" encoding="utf-8"?><testsuites name="pytest tests"><testsuite name="pytest" errors="0" failures="0" skipped="0" tests="9" time="1.222" timestamp="2026-04-21T11:10:16.592920+00:00" hostname="agent-env-7654b40d-68a4-436b-bd4d-9f879ebf31d4"><testcase classname="backend.tests.backend_test.TestHealth" name="test_root" time="0.252" /><testcase classname="backend.tests.backend_test.TestHealth" name="test_health" time="0.050" /><testcase classname="backend.tests.backend_test.TestContact" name="test_contact_valid_payload_and_persistence" time="0.392" /><testcase classname="backend.tests.backend_test.TestContact" name="test_contact_minimal_required_fields" time="0.237" /><testcase classname="backend.tests.backend_test.TestContact" name="test_contact_invalid_email_returns_422" time="0.044" /><testcase classname="backend.tests.backend_test.TestContact" name="test_contact_missing_name_returns_422" time="0.044" /><testcase classname="backend.tests.backend_test.TestContact" name="test_contact_missing_message_returns_422" time="0.044" /><testcase classname="backend.tests.backend_test.TestContact" name="test_contact_empty_name_returns_422" time="0.043" /><testcase classname="backend.tests.backend_test.TestContact" name="test_contact_list_no_mongo_id_leak" time="0.045" /></testsuite></testsuites>